<?xml version="1.0" encoding="UTF-8"?>
<testsuite xmlns:xsi="http://www.w3.org/2001/XMLSchema-instance" xsi:noNamespaceSchemaLocation="https://maven.apache.org/surefire/maven-surefire-plugin/xsd/surefire-test-report.xsd" name="TestSuite" time="2.496" tests="36" errors="0" skipped="0" failures="16">
  <properties>
[...]
</properties>
  <testcase name="runScenario" classname="TestRunner" time="0.407"/>
  <testcase name="runScenario" classname="TestRunner" time="0.035"/>
  <testcase name="runScenario" classname="TestRunner" time="0.028"/>
  <testcase name="runScenario" classname="TestRunner" time="0.055">
    <failure message="The following asserts failed:&#10;	response http code is not 400 expected [400] but found [200],&#10;	Error Message is wrong. expected [Invalid natid] but found [null]" type="java.lang.AssertionError">java.lang.AssertionError: 
The following asserts failed:
	response http code is not 400 expected [400] but found [200],
	Error Message is wrong. expected [Invalid natid] but found [null]
</failure>
    <system-out><![CDATA[After Method Executed
>>>>>> delete ops: delete from working_class_heroes where name = 'dirty data'
>>>>>> delete ops: delete from working_class_heroes where name = 'Longggggggggggggggggggggggggggggggggggggggggggggggggggggggg Nameeeeeeeeeeeeeeeeeeeeeeeeeeeeeeeeeeeeee'

@regression
Scenario: natid's number is greater than 9999999                  # src/test/resources/features/testcase03.feature:9
{"natid":"natid-10000000","name":"dirty data","gender":"FEMALE","birthDate":"1930-01-01","salary":"10000","taxPaid":"1000"}
  Given A request with natid is greater than 9999999              # stepdefs.Testcases.aRequestWithNatidIsGreaterThan(int)
  Then Check hero creation http response with error natid message # stepdefs.Testcases.checkHeroCreationHttpResponseWithErrorNatidMessage()
      java.lang.AssertionError: The following asserts failed:
	response http code is not 400 expected [400] but found [200],
	Error Message is wrong. expected [Invalid natid] but found [null]
	at org.testng.asserts.SoftAssert.assertAll(SoftAssert.java:47)
	at org.testng.asserts.SoftAssert.assertAll(SoftAssert.java:31)
	at stepdefs.Testcases.checkHeroCreationHttpResponseWithErrorNatidMessage(Testcases.java:119)
	at ✽.Check hero creation http response with error natid message(file:///Users/nico/Desktop/github/oppenheimer-api-test/src/test/resources/features/testcase03.feature:11)

]]></system-out>
  </testcase>
  <testcase name="runScenario" classname="TestRunner" time="0.075"/>
  <testcase name="runScenario" classname="TestRunner" time="0.032">
    <failure message="The following asserts failed:&#10;	Error Message is wrong. expected [Invalid name,Name cannot be blank] but found [Name cannot be blank,Invalid name]" type="java.lang.AssertionError">java.lang.AssertionError: 
The following asserts failed:
	Error Message is wrong. expected [Invalid name,Name cannot be blank] but found [Name cannot be blank,Invalid name]
</failure>
    <system-out><![CDATA[After Method Executed
>>>>>> delete ops: delete from working_class_heroes where name = 'dirty data'
>>>>>> delete ops: delete from working_class_heroes where name = 'Longggggggggggggggggggggggggggggggggggggggggggggggggggggggg Nameeeeeeeeeeeeeeeeeeeeeeeeeeeeeeeeeeeeee'

@regression
Scenario Outline: Verify the blank name will be rejected by the hero creation api # src/test/resources/features/testcase05.feature:9
{"natid":"natid-139","name":"","gender":"FEMALE","birthDate":"1930-01-01","salary":"10000","taxPaid":"1000"}
  Given A hero creation request with ""                                           # stepdefs.Testcases.aHeroCreationRequestWithBlankName(java.lang.String)
  Then Check hero creation http response with "Invalid name,Name cannot be blank" # stepdefs.Testcases.checkHeroCreationHttpResponseWithBlankNameErrorMessage(java.lang.String)
      java.lang.AssertionError: The following asserts failed:
	Error Message is wrong. expected [Invalid name,Name cannot be blank] but found [Name cannot be blank,Invalid name]
	at org.testng.asserts.SoftAssert.assertAll(SoftAssert.java:47)
	at org.testng.asserts.SoftAssert.assertAll(SoftAssert.java:31)
	at stepdefs.Testcases.checkHeroCreationHttpResponseWithBlankNameErrorMessage(Testcases.java:170)
	at ✽.Check hero creation http response with "Invalid name,Name cannot be blank"(file:///Users/nico/Desktop/github/oppenheimer-api-test/src/test/resources/features/testcase05.feature:6)

]]></system-out>
  </testcase>
  <testcase name="runScenario" classname="TestRunner" time="0.018">
    <failure message="The following asserts failed:&#10;	Error Message is wrong. expected [Invalid name,Name cannot be blank] but found [Name cannot be blank,Invalid name]" type="java.lang.AssertionError">java.lang.AssertionError: 
The following asserts failed:
	Error Message is wrong. expected [Invalid name,Name cannot be blank] but found [Name cannot be blank,Invalid name]
</failure>
    <system-out><![CDATA[After Method Executed
>>>>>> delete ops: delete from working_class_heroes where name = 'dirty data'
>>>>>> delete ops: delete from working_class_heroes where name = 'Longggggggggggggggggggggggggggggggggggggggggggggggggggggggg Nameeeeeeeeeeeeeeeeeeeeeeeeeeeeeeeeeeeeee'

@regression
Scenario Outline: Verify the blank name will be rejected by the hero creation api # src/test/resources/features/testcase05.feature:10
{"natid":"natid-139","name":" ","gender":"FEMALE","birthDate":"1930-01-01","salary":"10000","taxPaid":"1000"}
  Given A hero creation request with " "                                          # stepdefs.Testcases.aHeroCreationRequestWithBlankName(java.lang.String)
  Then Check hero creation http response with "Invalid name,Name cannot be blank" # stepdefs.Testcases.checkHeroCreationHttpResponseWithBlankNameErrorMessage(java.lang.String)
      java.lang.AssertionError: The following asserts failed:
	Error Message is wrong. expected [Invalid name,Name cannot be blank] but found [Name cannot be blank,Invalid name]
	at org.testng.asserts.SoftAssert.assertAll(SoftAssert.java:47)
	at org.testng.asserts.SoftAssert.assertAll(SoftAssert.java:31)
	at stepdefs.Testcases.checkHeroCreationHttpResponseWithBlankNameErrorMessage(Testcases.java:170)
	at ✽.Check hero creation http response with "Invalid name,Name cannot be blank"(file:///Users/nico/Desktop/github/oppenheimer-api-test/src/test/resources/features/testcase05.feature:6)

]]></system-out>
  </testcase>
  <testcase name="runScenario" classname="TestRunner" time="0.037">
    <failure message="The following asserts failed:&#10;	response http code is not 400 expected [400] but found [200],&#10;	Error Message is wrong. expected [Invalid name] but found [null]" type="java.lang.AssertionError">java.lang.AssertionError: 
The following asserts failed:
	response http code is not 400 expected [400] but found [200],
	Error Message is wrong. expected [Invalid name] but found [null]
</failure>
    <system-out><![CDATA[After Method Executed
>>>>>> delete ops: delete from working_class_heroes where name = 'dirty data'
>>>>>> delete ops: delete from working_class_heroes where name = 'Longggggggggggggggggggggggggggggggggggggggggggggggggggggggg Nameeeeeeeeeeeeeeeeeeeeeeeeeeeeeeeeeeeeee'

@regression
Scenario: Verify the name with 101 characters will be rejected by the hero creation api                  # src/test/resources/features/testcase06.feature:4
{"natid":"natid-139","name":"Longggggggggggggggggggggggggggggggggggggggggggggggggggggggg Nameeeeeeeeeeeeeeeeeeeeeeeeeeeeeeeeeeeeee","gender":"FEMALE","birthDate":"1930-01-01","salary":"10000","taxPaid":"1000"}
  Given Send the name with 101 alphabets and spaces characters will be rejected by the hero creation api # stepdefs.Testcases.verifyTheNameWithAlphabetsAndSpacesCharactersWillBeRejectedByTheHeroCreationApi(int)
  Then Check hero creation http response with Invalid name error message                                 # stepdefs.Testcases.checkHeroCreationHttpResponseWithInvalidNameErrorMessage()
      java.lang.AssertionError: The following asserts failed:
	response http code is not 400 expected [400] but found [200],
	Error Message is wrong. expected [Invalid name] but found [null]
	at org.testng.asserts.SoftAssert.assertAll(SoftAssert.java:47)
	at org.testng.asserts.SoftAssert.assertAll(SoftAssert.java:31)
	at stepdefs.Testcases.checkHeroCreationHttpResponseWithInvalidNameErrorMessage(Testcases.java:188)
	at ✽.Check hero creation http response with Invalid name error message(file:///Users/nico/Desktop/github/oppenheimer-api-test/src/test/resources/features/testcase06.feature:6)

]]></system-out>
  </testcase>
  <testcase name="runScenario" classname="TestRunner" time="0.02"/>
  <testcase name="runScenario" classname="TestRunner" time="0.019"/>
  <testcase name="runScenario" classname="TestRunner" time="0.026"/>
  <testcase name="runScenario" classname="TestRunner" time="0.026">
    <failure message="The following asserts failed:&#10;	Error Message is wrong. expected [Invalid gender,Gender cannot be blank] but found [Gender cannot be blank,Invalid gender]" type="java.lang.AssertionError">java.lang.AssertionError: 
The following asserts failed:
	Error Message is wrong. expected [Invalid gender,Gender cannot be blank] but found [Gender cannot be blank,Invalid gender]
</failure>
    <system-out><![CDATA[After Method Executed
>>>>>> delete ops: delete from working_class_heroes where name = 'dirty data'
>>>>>> delete ops: delete from working_class_heroes where name = 'Longggggggggggggggggggggggggggggggggggggggggggggggggggggggg Nameeeeeeeeeeeeeeeeeeeeeeeeeeeeeeeeeeeeee'

Scenario Outline: Verify the blank gender input will be rejected by the hero creation api      # src/test/resources/features/testcase08.feature:17
{"natid":"natid-139","name":"xokpb mdtaq","gender":"","birthDate":"1930-01-01","salary":"10000","taxPaid":"1000"}
  Given a hero creation request with blank gender "" will be rejected by the hero creation api # stepdefs.Testcases.aHeroCreationRequestWithBlankGenderWillBeRejectedByTheHeroCreationApi(java.lang.String)
  Then Check hero creation http response with blank gender error message                       # stepdefs.Testcases.checkHeroCreationHttpResponseWithBlankGenderErrorMessage2()
      java.lang.AssertionError: The following asserts failed:
	Error Message is wrong. expected [Invalid gender,Gender cannot be blank] but found [Gender cannot be blank,Invalid gender]
	at org.testng.asserts.SoftAssert.assertAll(SoftAssert.java:47)
	at org.testng.asserts.SoftAssert.assertAll(SoftAssert.java:31)
	at stepdefs.Testcases.checkHeroCreationHttpResponseWithBlankGenderErrorMessage2(Testcases.java:232)
	at ✽.Check hero creation http response with blank gender error message(file:///Users/nico/Desktop/github/oppenheimer-api-test/src/test/resources/features/testcase08.feature:14)

]]></system-out>
  </testcase>
  <testcase name="runScenario" classname="TestRunner" time="0.021"/>
  <testcase name="runScenario" classname="TestRunner" time="0.023">
    <failure message="The following asserts failed:&#10;	response http code is not 200 expected [200] but found [400]" type="java.lang.AssertionError">java.lang.AssertionError: 
The following asserts failed:
	response http code is not 200 expected [200] but found [400]
</failure>
    <system-out><![CDATA[After Method Executed
>>>>>> delete ops: delete from working_class_heroes where name = 'dirty data'
>>>>>> delete ops: delete from working_class_heroes where name = 'Longggggggggggggggggggggggggggggggggggggggggggggggggggggggg Nameeeeeeeeeeeeeeeeeeeeeeeeeeeeeeeeeeeeee'

@regression
Scenario: Verify the birthdate with time can be stored in the database and the hero can be created successfully # src/test/resources/features/testcase09.feature:4
{"natid":"natid-139","name":"tuaxa eiunq","gender":"MALE","birthDate":"1980-01-01T09:00:00","salary":"10000","taxPaid":"1000"}
  Given a hero creation request with a birthdate with time will be accepted by the hero creation api            # stepdefs.Testcases.aHeroCreationRequestWithABirthdateWithTimeWillBeAcceptedByTheHeroCreationApi()
>>>>>>>> successful creation response is: {"errorMsg":"There are some issues with working class hero","timestamp":"2022-10-23T12:16:44.327735"}
  Then Check the correct hero data http response                                                                # stepdefs.Testcases.checkTheCorrectHeroDataHttpResponse()
      java.lang.AssertionError: The following asserts failed:
	response http code is not 200 expected [200] but found [400]
	at org.testng.asserts.SoftAssert.assertAll(SoftAssert.java:47)
	at org.testng.asserts.SoftAssert.assertAll(SoftAssert.java:31)
	at stepdefs.Testcases.checkTheCorrectHeroDataHttpResponse(Testcases.java:49)
	at ✽.Check the correct hero data http response(file:///Users/nico/Desktop/github/oppenheimer-api-test/src/test/resources/features/testcase09.feature:6)

  And Verify the new created correct hero from the working class heroes table record                            # stepdefs.Testcases.verifyTheNewCreatedCorrectHeroFromTheWorkingClassHeroesTableRecord()
]]></system-out>
  </testcase>
  <testcase name="runScenario" classname="TestRunner" time="0.019"/>
  <testcase name="runScenario" classname="TestRunner" time="0.017"/>
  <testcase name="runScenario" classname="TestRunner" time="0.019"/>
  <testcase name="runScenario" classname="TestRunner" time="0.017">
    <failure message="The following asserts failed:&#10;	Error Message is wrong. expected [Invalid birthdate format] but found [There are some issues with working class hero]" type="java.lang.AssertionError">java.lang.AssertionError: 
The following asserts failed:
	Error Message is wrong. expected [Invalid birthdate format] but found [There are some issues with working class hero]
</failure>
    <system-out><![CDATA[After Method Executed
>>>>>> delete ops: delete from working_class_heroes where name = 'dirty data'
>>>>>> delete ops: delete from working_class_heroes where name = 'Longggggggggggggggggggggggggggggggggggggggggggggggggggggggg Nameeeeeeeeeeeeeeeeeeeeeeeeeeeeeeeeeeeeee'

@regression
Scenario: Verify the birthdate is a future date will be rejected by the hero creation api                       # src/test/resources/features/testcase11.feature:4
{"natid":"natid-139","name":"vwbkv xsgcr","gender":"FEMALE","birthDate":"2050-01-01","salary":"10000","taxPaid":"1000"}
  Given a hero creation request with birthdate which is a future date will be rejected by the hero creation api # stepdefs.Testcases.aHeroCreationRequestWithBirthdateWhichIsAFutureDateWillBeRejectedByTheHeroCreationApi()
  Then Check hero creation http response with invalid birthdate error message                                   # stepdefs.Testcases.checkHeroCreationHttpResponseWithInvalidBirthdateErrorMessage()
      java.lang.AssertionError: The following asserts failed:
	Error Message is wrong. expected [Invalid birthdate format] but found [There are some issues with working class hero]
	at org.testng.asserts.SoftAssert.assertAll(SoftAssert.java:47)
	at org.testng.asserts.SoftAssert.assertAll(SoftAssert.java:31)
	at stepdefs.Testcases.checkHeroCreationHttpResponseWithInvalidBirthdateErrorMessage(Testcases.java:257)
	at ✽.Check hero creation http response with invalid birthdate error message(file:///Users/nico/Desktop/github/oppenheimer-api-test/src/test/resources/features/testcase11.feature:6)

]]></system-out>
  </testcase>
  <testcase name="runScenario" classname="TestRunner" time="0.017"/>
  <testcase name="runScenario" classname="TestRunner" time="0.014"/>
  <testcase name="runScenario" classname="TestRunner" time="0.02"/>
  <testcase name="runScenario" classname="TestRunner" time="0.021">
    <failure message="The following asserts failed:&#10;	response http code is not 200 expected [200] but found [400]" type="java.lang.AssertionError">java.lang.AssertionError: 
The following asserts failed:
	response http code is not 200 expected [200] but found [400]
</failure>
    <system-out><![CDATA[After Method Executed
>>>>>> delete ops: delete from working_class_heroes where name = 'dirty data'
>>>>>> delete ops: delete from working_class_heroes where name = 'Longggggggggggggggggggggggggggggggggggggggggggggggggggggggg Nameeeeeeeeeeeeeeeeeeeeeeeeeeeeeeeeeeeeee'

@regression
Scenario: Verify the deathDate with time will be accepted by the hero creation api                     # src/test/resources/features/testcase13.feature:4
{"natid":"natid-139","name":"asglv voujf","gender":"MALE","birthDate":"1930-01-01","deathDate":"2020-01-01T09:00:00","salary":"10000","taxPaid":"1000"}
  Given a hero creation request with the deathDate with time will be accepted by the hero creation api # stepdefs.Testcases.aHeroCreationRequestWithTheDeathDateWithTimeWillBeAcceptedByTheHeroCreationApi()
>>>>>>>> successful creation response is: {"errorMsg":"There are some issues with working class hero","timestamp":"2022-10-23T12:16:44.592258"}
  Then Check the correct hero data http response                                                       # stepdefs.Testcases.checkTheCorrectHeroDataHttpResponse()
      java.lang.AssertionError: The following asserts failed:
	response http code is not 200 expected [200] but found [400]
	at org.testng.asserts.SoftAssert.assertAll(SoftAssert.java:47)
	at org.testng.asserts.SoftAssert.assertAll(SoftAssert.java:31)
	at stepdefs.Testcases.checkTheCorrectHeroDataHttpResponse(Testcases.java:49)
	at ✽.Check the correct hero data http response(file:///Users/nico/Desktop/github/oppenheimer-api-test/src/test/resources/features/testcase13.feature:6)

  And Verify the new created correct hero from the working class heroes table record                   # stepdefs.Testcases.verifyTheNewCreatedCorrectHeroFromTheWorkingClassHeroesTableRecord()
]]></system-out>
  </testcase>
  <testcase name="runScenario" classname="TestRunner" time="0.018">
    <failure message="The following asserts failed:&#10;	Error Message is wrong. expected [Invalid death date format] but found [There are some issues with working class hero]" type="java.lang.AssertionError">java.lang.AssertionError: 
The following asserts failed:
	Error Message is wrong. expected [Invalid death date format] but found [There are some issues with working class hero]
</failure>
    <system-out><![CDATA[After Method Executed
>>>>>> delete ops: delete from working_class_heroes where name = 'dirty data'
>>>>>> delete ops: delete from working_class_heroes where name = 'Longggggggggggggggggggggggggggggggggggggggggggggggggggggggg Nameeeeeeeeeeeeeeeeeeeeeeeeeeeeeeeeeeeeee'

@regression
Scenario: Verify the deathDate with a future date will be rejected by the hero creation api  # src/test/resources/features/testcase14.feature:4
{"natid":"natid-139","name":"otkgh aebgn","gender":"MALE","birthDate":"1930-01-01","deathDate":"2050-01-01","salary":"10000","taxPaid":"1000"}
  Given a hero creation request with a future date will be rejected by the hero creation api # stepdefs.Testcases.aHeroCreationRequestWithAFutureDateWillBeRejectedByTheHeroCreationApi()
  Then Check hero creation http response with invalid deathDate error message                # stepdefs.Testcases.checkHeroCreationHttpResponseWithInvalidDeathDateErrorMessage()
      java.lang.AssertionError: The following asserts failed:
	Error Message is wrong. expected [Invalid death date format] but found [There are some issues with working class hero]
	at org.testng.asserts.SoftAssert.assertAll(SoftAssert.java:47)
	at org.testng.asserts.SoftAssert.assertAll(SoftAssert.java:31)
	at stepdefs.Testcases.checkHeroCreationHttpResponseWithInvalidDeathDateErrorMessage(Testcases.java:282)
	at ✽.Check hero creation http response with invalid deathDate error message(file:///Users/nico/Desktop/github/oppenheimer-api-test/src/test/resources/features/testcase14.feature:6)

]]></system-out>
  </testcase>
  <testcase name="runScenario" classname="TestRunner" time="0.017">
    <failure type="java.lang.NullPointerException">java.lang.NullPointerException
</failure>
    <system-out><![CDATA[After Method Executed
>>>>>> delete ops: delete from working_class_heroes where name = 'dirty data'
>>>>>> delete ops: delete from working_class_heroes where name = 'Longggggggggggggggggggggggggggggggggggggggggggggggggggggggg Nameeeeeeeeeeeeeeeeeeeeeeeeeeeeeeeeeeeeee'

@regression
Scenario: Verify the wrong format salary will be rejected by the hero creation api                     # src/test/resources/features/testcase15.feature:4
{"natid":"natid-139","name":"gahml cvtuj","gender":"FEMALE","birthDate":"1930-01-01","salary":"asdfasdf","taxPaid":"1000"}
  Given a hero creation request with the wrong format salary will be rejected by the hero creation api # stepdefs.Testcases.aHeroCreationRequestWithTheWrongFormatSalaryWillBeRejectedByTheHeroCreationApi()
  Then Check hero creation http response with invalid format salary error message                      # stepdefs.Testcases.checkHeroCreationHttpResponseWithInvalidFormatSalaryErrorMessage()
      java.lang.NullPointerException
	at stepdefs.Testcases.checkHeroCreationHttpResponseWithInvalidFormatSalaryErrorMessage(Testcases.java:312)
	at ✽.Check hero creation http response with invalid format salary error message(file:///Users/nico/Desktop/github/oppenheimer-api-test/src/test/resources/features/testcase15.feature:6)

]]></system-out>
  </testcase>
  <testcase name="runScenario" classname="TestRunner" time="0.014"/>
  <testcase name="runScenario" classname="TestRunner" time="0.014"/>
  <testcase name="runScenario" classname="TestRunner" time="0.015"/>
  <testcase name="runScenario" classname="TestRunner" time="0.023">
    <failure message="The following asserts failed:&#10;	response http code is not 400 expected [400] but found [200],&#10;	Error Message is wrong. expected [Invalid salary precision] but found [null]" type="java.lang.AssertionError">java.lang.AssertionError: 
The following asserts failed:
	response http code is not 400 expected [400] but found [200],
	Error Message is wrong. expected [Invalid salary precision] but found [null]
</failure>
    <system-out><![CDATA[After Method Executed
>>>>>> delete ops: delete from working_class_heroes where name = 'dirty data'
>>>>>> delete ops: delete from working_class_heroes where name = 'Longggggggggggggggggggggggggggggggggggggggggggggggggggggggg Nameeeeeeeeeeeeeeeeeeeeeeeeeeeeeeeeeeeeee'

@regression
Scenario: Verify the salary with long decimal digits will be rejected by the hero creation api                 # src/test/resources/features/testcase18.feature:4
{"natid":"natid-139","name":"wkzkr jpcmb","gender":"FEMALE","birthDate":"1930-01-01","salary":"100000.123","taxPaid":"1000"}
  Given a hero creation request with with long decimal digits salary will be rejected by the hero creation api # stepdefs.Testcases.aHeroCreationRequestWithWithLongDecimalDigitsWillBeRejectedByTheHeroCreationApi()
  Then Check hero creation http response with invalid salary error message                                     # stepdefs.Testcases.checkHeroCreationHttpResponseWithInvalidSalaryErrorMessage()
      java.lang.AssertionError: The following asserts failed:
	response http code is not 400 expected [400] but found [200],
	Error Message is wrong. expected [Invalid salary precision] but found [null]
	at org.testng.asserts.SoftAssert.assertAll(SoftAssert.java:47)
	at org.testng.asserts.SoftAssert.assertAll(SoftAssert.java:31)
	at stepdefs.Testcases.checkHeroCreationHttpResponseWithInvalidSalaryErrorMessage(Testcases.java:368)
	at ✽.Check hero creation http response with invalid salary error message(file:///Users/nico/Desktop/github/oppenheimer-api-test/src/test/resources/features/testcase18.feature:6)

]]></system-out>
  </testcase>
  <testcase name="runScenario" classname="TestRunner" time="0.013">
    <failure type="java.lang.NullPointerException">java.lang.NullPointerException
</failure>
    <system-out><![CDATA[After Method Executed
>>>>>> delete ops: delete from working_class_heroes where name = 'dirty data'
>>>>>> delete ops: delete from working_class_heroes where name = 'Longggggggggggggggggggggggggggggggggggggggggggggggggggggggg Nameeeeeeeeeeeeeeeeeeeeeeeeeeeeeeeeeeeeee'

@regression
Scenario: Verify the wrong format taxPaid will be rejected by the hero creation api                     # src/test/resources/features/testcase19.feature:4
{"natid":"natid-140","name":"hexso wosif","gender":"FEMALE","birthDate":"1930-01-01","salary":"10000","taxPaid":"abdafasdf"}
  Given a hero creation request with the wrong format taxPaid will be rejected by the hero creation api # stepdefs.Testcases.aHeroCreationRequestWithTheWrongFormatTaxPaidWillBeRejectedByTheHeroCreationApi()
  Then Check hero creation http response with invalid format taxPaid error message                      # stepdefs.Testcases.checkHeroCreationHttpResponseWithInvalidFormatTaxPaidErrorMessage()
      java.lang.NullPointerException
	at stepdefs.Testcases.checkHeroCreationHttpResponseWithInvalidFormatTaxPaidErrorMessage(Testcases.java:384)
	at ✽.Check hero creation http response with invalid format taxPaid error message(file:///Users/nico/Desktop/github/oppenheimer-api-test/src/test/resources/features/testcase19.feature:6)

]]></system-out>
  </testcase>
  <testcase name="runScenario" classname="TestRunner" time="0.036">
    <failure message="The following asserts failed:&#10;	response http code is not 400 expected [400] but found [200],&#10;	Error Message is wrong. expected [TaxPaid cannot be blank] but found [null]" type="java.lang.AssertionError">java.lang.AssertionError: 
The following asserts failed:
	response http code is not 400 expected [400] but found [200],
	Error Message is wrong. expected [TaxPaid cannot be blank] but found [null]
</failure>
    <system-out><![CDATA[After Method Executed
>>>>>> delete ops: delete from working_class_heroes where name = 'dirty data'
>>>>>> delete ops: delete from working_class_heroes where name = 'Longggggggggggggggggggggggggggggggggggggggggggggggggggggggg Nameeeeeeeeeeeeeeeeeeeeeeeeeeeeeeeeeeeeee'

@regression
Scenario Outline: Verify the blank taxPaid will be rejected by the hero creation api                # src/test/resources/features/testcase20.feature:9
{"natid":"natid-140","name":"avfby vpovu","gender":"FEMALE","birthDate":"1930-01-01","salary":"10000","taxPaid":""}
  Given a hero creation request with the "" blank taxPaid will be rejected by the hero creation api # stepdefs.Testcases.aHeroCreationRequestWithTheBlankTaxPaidBlankTaxPaidWillBeRejectedByTheHeroCreationApi(java.lang.String)
  Then Check hero creation http response with blank taxPaid error message                           # stepdefs.Testcases.checkHeroCreationHttpResponseWithBlankTaxPaidErrorMessage()
      java.lang.AssertionError: The following asserts failed:
	response http code is not 400 expected [400] but found [200],
	Error Message is wrong. expected [TaxPaid cannot be blank] but found [null]
	at org.testng.asserts.SoftAssert.assertAll(SoftAssert.java:47)
	at org.testng.asserts.SoftAssert.assertAll(SoftAssert.java:31)
	at stepdefs.Testcases.checkHeroCreationHttpResponseWithBlankTaxPaidErrorMessage(Testcases.java:404)
	at ✽.Check hero creation http response with blank taxPaid error message(file:///Users/nico/Desktop/github/oppenheimer-api-test/src/test/resources/features/testcase20.feature:6)

]]></system-out>
  </testcase>
  <testcase name="runScenario" classname="TestRunner" time="0.032">
    <failure message="The following asserts failed:&#10;	response http code is not 400 expected [400] but found [200],&#10;	Error Message is wrong. expected [TaxPaid cannot be blank] but found [null]" type="java.lang.AssertionError">java.lang.AssertionError: 
The following asserts failed:
	response http code is not 400 expected [400] but found [200],
	Error Message is wrong. expected [TaxPaid cannot be blank] but found [null]
</failure>
    <system-out><![CDATA[After Method Executed
>>>>>> delete ops: delete from working_class_heroes where name = 'dirty data'
>>>>>> delete ops: delete from working_class_heroes where name = 'Longggggggggggggggggggggggggggggggggggggggggggggggggggggggg Nameeeeeeeeeeeeeeeeeeeeeeeeeeeeeeeeeeeeee'

@regression
Scenario Outline: Verify the blank taxPaid will be rejected by the hero creation api                 # src/test/resources/features/testcase20.feature:10
{"natid":"natid-141","name":"gnbot uwgik","gender":"MALE","birthDate":"1930-01-01","salary":"10000","taxPaid":" "}
  Given a hero creation request with the " " blank taxPaid will be rejected by the hero creation api # stepdefs.Testcases.aHeroCreationRequestWithTheBlankTaxPaidBlankTaxPaidWillBeRejectedByTheHeroCreationApi(java.lang.String)
  Then Check hero creation http response with blank taxPaid error message                            # stepdefs.Testcases.checkHeroCreationHttpResponseWithBlankTaxPaidErrorMessage()
      java.lang.AssertionError: The following asserts failed:
	response http code is not 400 expected [400] but found [200],
	Error Message is wrong. expected [TaxPaid cannot be blank] but found [null]
	at org.testng.asserts.SoftAssert.assertAll(SoftAssert.java:47)
	at org.testng.asserts.SoftAssert.assertAll(SoftAssert.java:31)
	at stepdefs.Testcases.checkHeroCreationHttpResponseWithBlankTaxPaidErrorMessage(Testcases.java:404)
	at ✽.Check hero creation http response with blank taxPaid error message(file:///Users/nico/Desktop/github/oppenheimer-api-test/src/test/resources/features/testcase20.feature:6)

]]></system-out>
  </testcase>
  <testcase name="runScenario" classname="TestRunner" time="0.023"/>
  <testcase name="runScenario" classname="TestRunner" time="0.031">
    <failure message="The following asserts failed:&#10;	response http code is not 400 expected [400] but found [200],&#10;	Error Message is wrong. expected [Invalid taxPaid precision] but found [null]" type="java.lang.AssertionError">java.lang.AssertionError: 
The following asserts failed:
	response http code is not 400 expected [400] but found [200],
	Error Message is wrong. expected [Invalid taxPaid precision] but found [null]
</failure>
    <system-out><![CDATA[After Method Executed
>>>>>> delete ops: delete from working_class_heroes where name = 'dirty data'
>>>>>> delete ops: delete from working_class_heroes where name = 'Longggggggggggggggggggggggggggggggggggggggggggggggggggggggg Nameeeeeeeeeeeeeeeeeeeeeeeeeeeeeeeeeeeeee'

@regression
Scenario: Verify the taxPaid with long decimal digits will be rejected by the hero creation api            # src/test/resources/features/testcase22.feature:4
{"natid":"natid-142","name":"mikpr xjxsa","gender":"MALE","birthDate":"1930-01-01","salary":"1000.123","taxPaid":"1000"}
  Given a hero creation request with long decimal digits taxPaid will be rejected by the hero creation api # stepdefs.Testcases.aHeroCreationRequestWithLongDecimalDigitsTaxPaidWillBeRejectedByTheHeroCreationApi()
  Then Check hero creation http response with invalid taxPaid error message                                # stepdefs.Testcases.checkHeroCreationHttpResponseWithInvalidTaxPaidErrorMessage()
      java.lang.AssertionError: The following asserts failed:
	response http code is not 400 expected [400] but found [200],
	Error Message is wrong. expected [Invalid taxPaid precision] but found [null]
	at org.testng.asserts.SoftAssert.assertAll(SoftAssert.java:47)
	at org.testng.asserts.SoftAssert.assertAll(SoftAssert.java:31)
	at stepdefs.Testcases.checkHeroCreationHttpResponseWithInvalidTaxPaidErrorMessage(Testcases.java:440)
	at ✽.Check hero creation http response with invalid taxPaid error message(file:///Users/nico/Desktop/github/oppenheimer-api-test/src/test/resources/features/testcase22.feature:6)

]]></system-out>
  </testcase>
  <testcase name="runScenario" classname="TestRunner" time="0.036"/>
  <testcase name="runScenario" classname="TestRunner" time="0.032"/>
  <testcase name="runScenario" classname="TestRunner" time="0.022">
    <failure type="java.lang.NullPointerException">java.lang.NullPointerException
</failure>
    <system-out><![CDATA[After Method Executed
>>>>>> delete ops: delete from working_class_heroes where name = 'dirty data'
>>>>>> delete ops: delete from working_class_heroes where name = 'Longggggggggggggggggggggggggggggggggggggggggggggggggggggggg Nameeeeeeeeeeeeeeeeeeeeeeeeeeeeeeeeeeeeee'

@regression
Scenario: Verify wrong format browniePoints will be rejected by the hero creation api                     # src/test/resources/features/testcase24.feature:4
{"natid":"natid-145","name":"ztvux sylbe","gender":"FEMALE","birthDate":"1930-01-01","browniePoints":"asdfasdfasdf","salary":"10000","taxPaid":"1000"}
  Given a hero creation request with wrong format browniePoints will be rejected by the hero creation api # stepdefs.Testcases.aHeroCreationRequestWithWrongFormatBrowniePointsWillBeRejectedByTheHeroCreationApi()
  Then Check hero creation http response with wrong format browniePoints message                          # stepdefs.Testcases.checkHeroCreationHttpResponseWithWrongFormatBrowniePointsMessage()
      java.lang.NullPointerException
	at stepdefs.Testcases.checkHeroCreationHttpResponseWithWrongFormatBrowniePointsMessage(Testcases.java:463)
	at ✽.Check hero creation http response with wrong format browniePoints message(file:///Users/nico/Desktop/github/oppenheimer-api-test/src/test/resources/features/testcase24.feature:6)

]]></system-out>
  </testcase>
</testsuite>